The LCM of 12 and 18 is 36
The LCM of 12 and 18 is 36
Running tasks/lcm using math module.py
The LCM of 12 and 18 is 36
Running tasks/lcm.py
The LCM of 12 and 18 is 36
Running tasks/merge alternately.py
Running tasks/lcm using math module.py
The LCM of 12 and 18 is 36
Running tasks/lcm.py
The LCM of 12 and 18 is 36
Running tasks/merge alternately.py
26 Jan 2025 at 12:44
Running tasks/lcm using math module.py
The LCM of 12 and 18 is 36
Running tasks/lcm.py
The LCM of 12 and 18 is 36
Running tasks/merge alternately.py
26 Jan 2025 at 12:47
Running tasks/lcm using math module.py
The LCM of 12 and 18 is 36
Running tasks/lcm.py
The LCM of 12 and 18 is 36
Running tasks/merge alternately.py
apbqcr
apbqrs
apbqcd
